#-----------------------------------------------------------
# Vivado v2022.1 (64-bit)
# SW Build 3526262 on Mon Apr 18 15:47:01 MDT 2022
# IP Build 3524634 on Mon Apr 18 20:55:01 MDT 2022
# Start of session at: Fri Jul 11 21:48:00 2025
# Process ID: 2698849
# Current directory: /tools/C/research/pcie/pcie_datalink_layer/tb/vivado_sim/pcie_7x_1_ex
# Command line: vivado -notrace -source /tools/C/research/pcie/pcie_datalink_layer/tb/vivado_sim/pcie_7x_0_ex/pcie_7x_0_ex.gen/sources_1/ip/pcie_7x_1/pcie_7x_1_ex.tcl
# Log file: /tools/C/research/pcie/pcie_datalink_layer/tb/vivado_sim/pcie_7x_1_ex/vivado.log
# Journal file: /tools/C/research/pcie/pcie_datalink_layer/tb/vivado_sim/pcie_7x_1_ex/vivado.jou
# Running On: capc-ub22-is, OS: Linux, CPU Frequency: 2793.437 MHz, CPU Physical cores: 16, Host memory: 33607 MB
#-----------------------------------------------------------
start_gui
source /tools/C/research/pcie/pcie_datalink_layer/tb/vivado_sim/pcie_7x_0_ex/pcie_7x_0_ex.gen/sources_1/ip/pcie_7x_1/pcie_7x_1_ex.tcl -notrace
couldn't read file "/tools/C/research/pcie/pcie_datalink_layer/tb/vivado_sim/pcie_7x_0_ex/pcie_7x_0_ex.gen/sources_1/ip/pcie_7x_1/pcie_7x_1_ex.tcl": no such file or directory
WARNING: [Board 49-26] cannot add Board Part xilinx.com:vek280_es:part0:1.0 available at /tools/C/research/tools/Xilinx/Vivado/2022.1/data/boards/board_files/vek280/es/rev_a/1.0/board.xml as part xcve2802-vsvh1760-2lp-e-s-es1 specified in board_part file is either invalid or not available
WARNING: [Board 49-26] cannot add Board Part xilinx.com:vek280_es_revb:part0:1.0 available at /tools/C/research/tools/Xilinx/Vivado/2022.1/data/boards/board_files/vek280/es/rev_b/1.0/board.xml as part xcve2802-vsvh1760-2mp-e-s-es1 specified in board_part file is either invalid or not available
WARNING: [Board 49-26] cannot add Board Part xilinx.com:vhk158_es:part0:1.0 available at /tools/C/research/tools/Xilinx/Vivado/2022.1/data/boards/board_files/vhk158/es/1.0/board.xml as part xcvh1582-vsva3697-2mp-e-s-es1 specified in board_part file is either invalid or not available
WARNING: [Board 49-26] cannot add Board Part xilinx.com:vpk120_es:part0:1.2 available at /tools/C/research/tools/Xilinx/Vivado/2022.1/data/boards/board_files/vpk120/es/1.2/board.xml as part xcvp1202-vsva2785-2mp-e-s-es1 specified in board_part file is either invalid or not available
WARNING: [Board 49-26] cannot add Board Part xilinx.com:vpk120_es_revb:part0:1.0 available at /tools/C/research/tools/Xilinx/Vivado/2022.1/data/boards/board_files/vpk120_revb/es/1.0/board.xml as part xcvp1202-vsva2785-2mp-e-s-es1 specified in board_part file is either invalid or not available
WARNING: [Board 49-26] cannot add Board Part xilinx.com:vpk180:part0:1.0 available at /tools/C/research/tools/Xilinx/Vivado/2022.1/data/boards/board_files/vpk180/production/1.0/board.xml as part xcvp1802-lsvc4072-2mp-e-s specified in board_part file is either invalid or not available
WARNING: [Board 49-26] cannot add Board Part xilinx.com:vpk180_es:part0:1.0 available at /tools/C/research/tools/Xilinx/Vivado/2022.1/data/boards/board_files/vpk180/es/1.0/board.xml as part xcvp1802-lsvc4072-2mp-e-s-es1 specified in board_part file is either invalid or not available
WARNING: [Board 49-26] cannot add Board Part xilinx.com:zcu208ld:part0:2.0 available at /tools/C/research/tools/Xilinx/Vivado/2022.1/data/boards/board_files/zcu208ld/production/2.0/board.xml as part xczu58dr-fsvg1517-2-i specified in board_part file is either invalid or not available
WARNING: [Board 49-26] cannot add Board Part xilinx.com:zcu216ld:part0:2.0 available at /tools/C/research/tools/Xilinx/Vivado/2022.1/data/boards/board_files/zcu216ld/production/2.0/board.xml as part xczu59dr-ffvf1760-2-i specified in board_part file is either invalid or not available
WARNING: [Board 49-26] cannot add Board Part xilinx.com:zcu670:part0:2.0 available at /tools/C/research/tools/Xilinx/Vivado/2022.1/data/boards/board_files/zcu670/2.0/board.xml as part xczu67dr-fsve1156-2-i specified in board_part file is either invalid or not available
WARNING: [Board 49-26] cannot add Board Part xilinx.com:zcu670ld:part0:1.0 available at /tools/C/research/tools/Xilinx/Vivado/2022.1/data/boards/board_files/zcu670ld/1.0/board.xml as part xczu57dr-fsve1156-2-i specified in board_part file is either invalid or not available
exit
INFO: [Common 17-206] Exiting Vivado at Fri Jul 11 21:49:24 2025...
