INFO: [VRFC 10-2263] Analyzing SystemVerilog file "/tools/C/research/pcie/pcie_datalink_layer/build/fusesoc_pcie_pcie_kc705_1.0.0/xsim_v-xsim/src/fusesoc_pcie_packages_1.0.0/pcie_datalink_pkg.sv" into library xil_defaultlib
INFO: [VRFC 10-2263] Analyzing SystemVerilog file "/tools/C/research/pcie/pcie_datalink_layer/build/fusesoc_pcie_pcie_kc705_1.0.0/xsim_v-xsim/src/fusesoc_pcie_dllp_transmit_1.0.0/axis_retry_fifo.sv" into library xil_defaultlib
INFO: [VRFC 10-311] analyzing module axis_retry_fifo
INFO: [VRFC 10-2263] Analyzing SystemVerilog file "/tools/C/research/pcie/pcie_datalink_layer/build/fusesoc_pcie_pcie_kc705_1.0.0/xsim_v-xsim/src/fusesoc_pcie_packages_1.0.0/pcie_tlp_pkg.sv" into library xil_defaultlib
INFO: [VRFC 10-2263] Analyzing SystemVerilog file "/tools/C/research/pcie/pcie_datalink_layer/build/fusesoc_pcie_pcie_kc705_1.0.0/xsim_v-xsim/src/fusesoc_pcie_dllp_receive_1.0.0/axis_user_demux.sv" into library xil_defaultlib
INFO: [VRFC 10-311] analyzing module axis_user_demux
INFO: [VRFC 10-2263] Analyzing SystemVerilog file "/tools/C/research/pcie/pcie_datalink_layer/build/fusesoc_pcie_pcie_kc705_1.0.0/xsim_v-xsim/src/fusesoc_pcie_packages_1.0.0/pcie_phy_pkg.sv" into library xil_defaultlib
INFO: [VRFC 10-2263] Analyzing SystemVerilog file "/tools/C/research/pcie/pcie_datalink_layer/build/fusesoc_pcie_pcie_kc705_1.0.0/xsim_v-xsim/src/fusesoc_pcie_phy_receive_1.0.0/block_alignment.sv" into library xil_defaultlib
INFO: [VRFC 10-311] analyzing module block_alignment
INFO: [VRFC 10-2263] Analyzing SystemVerilog file "/tools/C/research/pcie/pcie_datalink_layer/build/fusesoc_pcie_pcie_kc705_1.0.0/xsim_v-xsim/src/fusesoc_pcie_phy_scrambler_1.0.0/byte_scramble.sv" into library xil_defaultlib
INFO: [VRFC 10-311] analyzing module byte_scramble
INFO: [VRFC 10-2263] Analyzing SystemVerilog file "/tools/C/research/pcie/pcie_datalink_layer/build/fusesoc_pcie_pcie_kc705_1.0.0/xsim_v-xsim/src/fusesoc_pcie_phy_receive_1.0.0/data_handler.sv" into library xil_defaultlib
INFO: [VRFC 10-311] analyzing module data_handler
INFO: [VRFC 10-2263] Analyzing SystemVerilog file "/tools/C/research/pcie/pcie_datalink_layer/build/fusesoc_pcie_pcie_kc705_1.0.0/xsim_v-xsim/src/fusesoc_pcie_dllp_receive_1.0.0/dllp2tlp.sv" into library xil_defaultlib
INFO: [VRFC 10-311] analyzing module dllp2tlp
INFO: [VRFC 10-2263] Analyzing SystemVerilog file "/tools/C/research/pcie/pcie_datalink_layer/build/fusesoc_pcie_pcie_kc705_1.0.0/xsim_v-xsim/src/fusesoc_pcie_dllp_receive_1.0.0/dllp_fc_update.sv" into library xil_defaultlib
INFO: [VRFC 10-311] analyzing module dllp_fc_update
INFO: [VRFC 10-2263] Analyzing SystemVerilog file "/tools/C/research/pcie/pcie_datalink_layer/build/fusesoc_pcie_pcie_kc705_1.0.0/xsim_v-xsim/src/fusesoc_pcie_dllp_receive_1.0.0/dllp_handler.sv" into library xil_defaultlib
INFO: [VRFC 10-311] analyzing module dllp_handler
INFO: [VRFC 10-2263] Analyzing SystemVerilog file "/tools/C/research/pcie/pcie_datalink_layer/build/fusesoc_pcie_pcie_kc705_1.0.0/xsim_v-xsim/src/fusesoc_pcie_pcie_config_1.0.0/pcie_config_reg_pkg.sv" into library xil_defaultlib
INFO: [VRFC 10-2263] Analyzing SystemVerilog file "/tools/C/research/pcie/pcie_datalink_layer/build/fusesoc_pcie_pcie_kc705_1.0.0/xsim_v-xsim/src/fusesoc_pcie_dllp_receive_1.0.0/dllp_receive.sv" into library xil_defaultlib
INFO: [VRFC 10-311] analyzing module dllp_receive
INFO: [VRFC 10-2263] Analyzing SystemVerilog file "/tools/C/research/pcie/pcie_datalink_layer/build/fusesoc_pcie_pcie_kc705_1.0.0/xsim_v-xsim/src/fusesoc_pcie_dllp_transmit_1.0.0/dllp_transmit.sv" into library xil_defaultlib
INFO: [VRFC 10-311] analyzing module dllp_transmit
INFO: [VRFC 10-2263] Analyzing SystemVerilog file "/tools/C/research/pcie/pcie_datalink_layer/build/fusesoc_pcie_pcie_kc705_1.0.0/xsim_v-xsim/src/fusesoc_pcie_phy_transmit_1.0.0/frame_symbols.sv" into library xil_defaultlib
INFO: [VRFC 10-311] analyzing module frame_symbols
INFO: [VRFC 10-2263] Analyzing SystemVerilog file "/tools/C/research/pcie/pcie_datalink_layer/build/fusesoc_pcie_pcie_kc705_1.0.0/xsim_v-xsim/src/fusesoc_pcie_phy_scrambler_1.0.0/gen1_scramble.sv" into library xil_defaultlib
INFO: [VRFC 10-311] analyzing module gen1_scramble
INFO: [VRFC 10-2263] Analyzing SystemVerilog file "/tools/C/research/pcie/pcie_datalink_layer/build/fusesoc_pcie_pcie_kc705_1.0.0/xsim_v-xsim/src/fusesoc_pcie_phy_scrambler_1.0.0/gen3_byte_scramble.sv" into library xil_defaultlib
INFO: [VRFC 10-311] analyzing module gen3_byte_scramble
INFO: [VRFC 10-2263] Analyzing SystemVerilog file "/tools/C/research/pcie/pcie_datalink_layer/build/fusesoc_pcie_pcie_kc705_1.0.0/xsim_v-xsim/src/fusesoc_pcie_phy_scrambler_1.0.0/gen3_scramble.sv" into library xil_defaultlib
INFO: [VRFC 10-311] analyzing module gen3_scramble
INFO: [VRFC 10-2263] Analyzing SystemVerilog file "/tools/C/research/pcie/pcie_datalink_layer/build/fusesoc_pcie_pcie_kc705_1.0.0/xsim_v-xsim/src/fusesoc_pcie_phy_transmit_1.0.0/lane_management.sv" into library xil_defaultlib
INFO: [VRFC 10-311] analyzing module lane_management
INFO: [VRFC 10-2263] Analyzing SystemVerilog file "/tools/C/research/pcie/pcie_datalink_layer/build/fusesoc_pcie_pcie_kc705_1.0.0/xsim_v-xsim/src/fusesoc_pcie_phy_receive_1.0.0/ordered_set_handler.sv" into library xil_defaultlib
INFO: [VRFC 10-311] analyzing module ordered_set_handler
INFO: [VRFC 10-2263] Analyzing SystemVerilog file "/tools/C/research/pcie/pcie_datalink_layer/build/fusesoc_pcie_pcie_kc705_1.0.0/xsim_v-xsim/src/fusesoc_pcie_phy_transmit_1.0.0/os_generator.sv" into library xil_defaultlib
INFO: [VRFC 10-311] analyzing module os_generator
INFO: [VRFC 10-2263] Analyzing SystemVerilog file "/tools/C/research/pcie/pcie_datalink_layer/build/fusesoc_pcie_pcie_kc705_1.0.0/xsim_v-xsim/src/fusesoc_pcie_phy_receive_1.0.0/pack_data.sv" into library xil_defaultlib
INFO: [VRFC 10-311] analyzing module pack_data
INFO: [VRFC 10-2263] Analyzing SystemVerilog file "/tools/C/research/pcie/pcie_datalink_layer/build/fusesoc_pcie_pcie_kc705_1.0.0/xsim_v-xsim/src/fusesoc_pcie_pcie_config_1.0.0/pcie_cfg_wrapper.sv" into library xil_defaultlib
INFO: [VRFC 10-311] analyzing module pcie_cfg_wrapper
INFO: [VRFC 10-2263] Analyzing SystemVerilog file "/tools/C/research/pcie/pcie_datalink_layer/build/fusesoc_pcie_pcie_kc705_1.0.0/xsim_v-xsim/src/fusesoc_pcie_pcie_config_1.0.0/pcie_config_decode.sv" into library xil_defaultlib
INFO: [VRFC 10-311] analyzing module pcie_config_decode
INFO: [VRFC 10-2263] Analyzing SystemVerilog file "/tools/C/research/pcie/pcie_datalink_layer/build/fusesoc_pcie_pcie_kc705_1.0.0/xsim_v-xsim/src/fusesoc_pcie_pcie_config_1.0.0/pcie_config_handler.sv" into library xil_defaultlib
INFO: [VRFC 10-311] analyzing module pcie_config_handler
INFO: [VRFC 10-2263] Analyzing SystemVerilog file "/tools/C/research/pcie/pcie_datalink_layer/build/fusesoc_pcie_pcie_kc705_1.0.0/xsim_v-xsim/src/fusesoc_pcie_pcie_config_1.0.0/pcie_config_mux.sv" into library xil_defaultlib
INFO: [VRFC 10-311] analyzing module pcie_config_mux
INFO: [VRFC 10-2263] Analyzing SystemVerilog file "/tools/C/research/pcie/pcie_datalink_layer/build/fusesoc_pcie_pcie_kc705_1.0.0/xsim_v-xsim/src/fusesoc_pcie_pcie_config_1.0.0/pcie_config_reg.sv" into library xil_defaultlib
INFO: [VRFC 10-311] analyzing module pcie_config_reg
INFO: [VRFC 10-2263] Analyzing SystemVerilog file "/tools/C/research/pcie/pcie_datalink_layer/build/fusesoc_pcie_pcie_kc705_1.0.0/xsim_v-xsim/src/fusesoc_pcie_crc_1.0.0/pcie_datalink_crc.sv" into library xil_defaultlib
INFO: [VRFC 10-311] analyzing module pcie_datalink_crc
INFO: [VRFC 10-2263] Analyzing SystemVerilog file "/tools/C/research/pcie/pcie_datalink_layer/build/fusesoc_pcie_pcie_kc705_1.0.0/xsim_v-xsim/src/fusesoc_pcie_dllp_core_1.0.0/pcie_datalink_init.sv" into library xil_defaultlib
INFO: [VRFC 10-311] analyzing module pcie_datalink_init
INFO: [VRFC 10-2263] Analyzing SystemVerilog file "/tools/C/research/pcie/pcie_datalink_layer/build/fusesoc_pcie_pcie_kc705_1.0.0/xsim_v-xsim/src/fusesoc_pcie_dllp_core_1.0.0/pcie_datalink_layer.sv" into library xil_defaultlib
INFO: [VRFC 10-311] analyzing module pcie_datalink_layer
INFO: [VRFC 10-2263] Analyzing SystemVerilog file "/tools/C/research/pcie/pcie_datalink_layer/build/fusesoc_pcie_pcie_kc705_1.0.0/xsim_v-xsim/src/fusesoc_pcie_dllp_core_1.0.0/pcie_flow_ctrl_init.sv" into library xil_defaultlib
INFO: [VRFC 10-311] analyzing module pcie_flow_ctrl_init
INFO: [VRFC 10-2263] Analyzing SystemVerilog file "/tools/C/research/pcie/pcie_datalink_layer/build/fusesoc_pcie_pcie_kc705_1.0.0/xsim_v-xsim/src/fusesoc_pcie_crc_1.0.0/pcie_lcrc16.sv" into library xil_defaultlib
INFO: [VRFC 10-311] analyzing module pcie_lcrc16
INFO: [VRFC 10-2263] Analyzing SystemVerilog file "/tools/C/research/pcie/pcie_datalink_layer/build/fusesoc_pcie_pcie_kc705_1.0.0/xsim_v-xsim/src/fusesoc_pcie_ltssm_1.0.0/pcie_ltssm_downstream.sv" into library xil_defaultlib
INFO: [VRFC 10-311] analyzing module pcie_ltssm_downstream
INFO: [VRFC 10-2263] Analyzing SystemVerilog file "/tools/C/research/pcie/pcie_datalink_layer/build/fusesoc_pcie_pcie_kc705_1.0.0/xsim_v-xsim/src/fusesoc_pcie_pcie_kc705_1.0.0/src/pcie_phy_core/pcie_phy_top.sv" into library xil_defaultlib
INFO: [VRFC 10-311] analyzing module pcie_phy_top
INFO: [VRFC 10-2263] Analyzing SystemVerilog file "/tools/C/research/pcie/pcie_datalink_layer/build/fusesoc_pcie_pcie_kc705_1.0.0/xsim_v-xsim/src/fusesoc_pcie_phy_receive_1.0.0/phy_receive.sv" into library xil_defaultlib
INFO: [VRFC 10-311] analyzing module phy_receive
INFO: [VRFC 10-2263] Analyzing SystemVerilog file "/tools/C/research/pcie/pcie_datalink_layer/build/fusesoc_pcie_pcie_kc705_1.0.0/xsim_v-xsim/src/fusesoc_pcie_phy_transmit_1.0.0/phy_transmit.sv" into library xil_defaultlib
INFO: [VRFC 10-311] analyzing module phy_transmit
INFO: [VRFC 10-2263] Analyzing SystemVerilog file "/tools/C/research/pcie/pcie_datalink_layer/build/fusesoc_pcie_pcie_kc705_1.0.0/xsim_v-xsim/src/fusesoc_pcie_dllp_transmit_1.0.0/retry_management.sv" into library xil_defaultlib
INFO: [VRFC 10-311] analyzing module retry_management
INFO: [VRFC 10-2263] Analyzing SystemVerilog file "/tools/C/research/pcie/pcie_datalink_layer/build/fusesoc_pcie_pcie_kc705_1.0.0/xsim_v-xsim/src/fusesoc_pcie_dllp_transmit_1.0.0/retry_transmit.sv" into library xil_defaultlib
INFO: [VRFC 10-311] analyzing module retry_transmit
INFO: [VRFC 10-2263] Analyzing SystemVerilog file "/tools/C/research/pcie/pcie_datalink_layer/build/fusesoc_pcie_pcie_kc705_1.0.0/xsim_v-xsim/src/fusesoc_pcie_phy_scrambler_1.0.0/scrambler.sv" into library xil_defaultlib
INFO: [VRFC 10-311] analyzing module scrambler
INFO: [VRFC 10-2263] Analyzing SystemVerilog file "/tools/C/research/pcie/pcie_datalink_layer/build/fusesoc_pcie_pcie_kc705_1.0.0/xsim_v-xsim/src/fusesoc_pcie_dllp_transmit_1.0.0/tlp2dllp.sv" into library xil_defaultlib
INFO: [VRFC 10-311] analyzing module tlp2dllp
